2025-11-21 14:10:02,798 - __main__ - INFO - ============================================================
2025-11-21 14:10:02,798 - __main__ - INFO - OUTFIT ASSISTANT APPLICATION STARTED
2025-11-21 14:10:02,798 - __main__ - INFO - ============================================================
Fashion Arena DB path: ./fashion_arena_db.json
 * Serving Flask app 'app'
 * Debug mode: off
2025-11-21 14:10:02,808 - werkzeug - INFO - [31m[1mWARNING: This is a development server. Do not use it in a production deployment. Use a production WSGI server instead.[0m
 * Running on all addresses (0.0.0.0)
 * Running on http://127.0.0.1:5001
 * Running on http://192.168.1.34:5001
2025-11-21 14:10:02,808 - werkzeug - INFO - [33mPress CTRL+C to quit[0m
2025-11-21 14:10:07,228 - werkzeug - INFO - 127.0.0.1 - - [21/Nov/2025 14:10:07] "GET /api/health HTTP/1.1" 200 -
2025-11-21 14:13:55,215 - werkzeug - INFO - 127.0.0.1 - - [21/Nov/2025 14:13:55] "OPTIONS /api/rate-outfit HTTP/1.1" 200 -
2025-11-21 14:13:55,218 - __main__ - INFO - ============================================================
2025-11-21 14:13:55,219 - __main__ - INFO - RATE OUTFIT REQUEST RECEIVED
2025-11-21 14:13:55,219 - __main__ - INFO - ============================================================
2025-11-21 14:13:55,221 - __main__ - INFO - Parameters - Occasion: Business, Budget: 
2025-11-21 14:14:07,177 - httpx - INFO - HTTP Request: POST https://api.openai.com/v1/chat/completions "HTTP/1.1 200 OK"
2025-11-21 14:14:07,195 - werkzeug - INFO - 127.0.0.1 - - [21/Nov/2025 14:14:07] "POST /api/rate-outfit HTTP/1.1" 200 -
2025-11-21 14:14:25,122 - werkzeug - INFO - 127.0.0.1 - - [21/Nov/2025 14:14:25] "OPTIONS /api/generate-outfit HTTP/1.1" 200 -
2025-11-21 14:14:25,126 - __main__ - INFO - ============================================================
2025-11-21 14:14:25,126 - __main__ - INFO - GENERATE OUTFIT REQUEST RECEIVED
2025-11-21 14:14:25,126 - __main__ - INFO - ============================================================
2025-11-21 14:14:25,128 - __main__ - INFO - Parameters:
2025-11-21 14:14:25,128 - __main__ - INFO -   - Occasion: Beach
2025-11-21 14:14:25,128 - __main__ - INFO -   - Wow Factor: 5
2025-11-21 14:14:25,128 - __main__ - INFO -   - Brands: []
2025-11-21 14:14:25,128 - __main__ - INFO -   - Budget: $200-$500
2025-11-21 14:14:25,128 - __main__ - INFO -   - Conditions: 
2025-11-21 14:14:25,129 - __main__ - INFO -   - User image provided: True
2025-11-21 14:14:25,129 - __main__ - INFO - ------------------------------------------------------------
2025-11-21 14:14:25,129 - __main__ - INFO - GPT-4 OUTFIT DESCRIPTION PROMPT:
2025-11-21 14:14:25,129 - __main__ - INFO - Create a detailed outfit recommendation for Beach.

Style level: 5/10 (balanced, stylish, and modern)
Preferences: within a budget of $200-$500


Provide:
1. Complete outfit description (top, bottom, shoes, accessories)
2. Color palette and why it works
3. Style notes and occasion appropriateness
4. 5-8 specific product recommendations with:
   - Item type and description
   - Estimated price
   - Why it fits the outfit
   
Format as JSON:
{
  "outfit_concept": "<overall concept and inspiration>",
  "items": [
    {
      "type": "<item type>",
      "description": "<detailed description>",
      "color": "<color>",
      "style_notes": "<why this works>"
    }
  ],
  "color_palette": "<description of colors and why they work>",
  "occasion_notes": "<why this works for the occasion>",
  "product_recommendations": [
    {
      "item": "<item name>",
      "type": "<clothing type>",
      "brand": "<suggested brand>",
      "description": "<description>",
      "price": "<estimated price>",
      "reason": "<why recommended>"
    }
  ]
}
2025-11-21 14:14:25,129 - __main__ - INFO - ------------------------------------------------------------
2025-11-21 14:14:25,129 - __main__ - INFO - Calling GPT-4 API...
2025-11-21 14:14:40,966 - httpx - INFO - HTTP Request: POST https://api.openai.com/v1/chat/completions "HTTP/1.1 200 OK"
2025-11-21 14:14:40,971 - __main__ - INFO - GPT-4 Response received
2025-11-21 14:14:40,971 - __main__ - INFO - Outfit Description: {
  "outfit_concept": "Modern Beach Chic",
  "items": [
    {
      "type": "Top",
      "description": "Linen button-up shirt, lightweight and breathable.",
      "color": "Ivory",
      "style_notes": "The light color keeps you cool and neutral tones add a touch of sophistication."
    },
    {
      "type": "Bottom",
      "description": "Cotton drawstring shorts, comfortable and easy to wear.",
      "color": "Navy",
      "style_notes": "Dark colors hide sand and stains while still looking ...
Traceback (most recent call last):
  File "/Users/yatika/prod-outfit/AI-Outfit-Assistant/outfit-assistant/backend/app.py", line 515, in generate_outfit
    outfit_data = json.loads(outfit_description)
                  ^^^^
NameError: name 'json' is not defined. Did you forget to import 'json'?

During handling of the above exception, another exception occurred:

Traceback (most recent call last):
  File "/Users/yatika/prod-outfit/AI-Outfit-Assistant/outfit-assistant/backend/app.py", line 516, in generate_outfit
    except json.JSONDecodeError as e:
           ^^^^
NameError: name 'json' is not defined. Did you forget to import 'json'?
2025-11-21 14:14:40,977 - werkzeug - INFO - 127.0.0.1 - - [21/Nov/2025 14:14:40] "[35m[1mPOST /api/generate-outfit HTTP/1.1[0m" 500 -
2025-11-21 14:14:57,727 - werkzeug - INFO - 127.0.0.1 - - [21/Nov/2025 14:14:57] "OPTIONS /api/arena/submissions HTTP/1.1" 200 -
2025-11-21 14:14:57,727 - werkzeug - INFO - 127.0.0.1 - - [21/Nov/2025 14:14:57] "OPTIONS /api/arena/submissions HTTP/1.1" 200 -
2025-11-21 14:14:57,729 - werkzeug - INFO - 127.0.0.1 - - [21/Nov/2025 14:14:57] "GET /api/arena/submissions HTTP/1.1" 200 -
2025-11-21 14:14:57,730 - werkzeug - INFO - 127.0.0.1 - - [21/Nov/2025 14:14:57] "GET /api/arena/submissions HTTP/1.1" 200 -
2025-11-21 14:14:59,569 - werkzeug - INFO - 127.0.0.1 - - [21/Nov/2025 14:14:59] "GET /api/arena/submissions HTTP/1.1" 200 -
